<?xml version="1.0" encoding="UTF-8"?>
<!-- Generated by org.testng.reporters.JUnitReportReporter -->
<testsuite hostname="LAPTOP-F0EEAV3M" failures="0" tests="4" name="testLayer.LoginTest" time="39.392" errors="0" timestamp="2021-06-09T17:59:22 EDT" skipped="0">
  <testcase classname="testLayer.LoginTest" name="Title" time="7.408"/>
  <system-out/>
  <testcase classname="testLayer.LoginTest" name="Login" time="11.081"/>
  <system-out/>
  <testcase classname="testLayer.LoginTest" name="Login" time="10.449"/>
  <system-out/>
  <testcase classname="testLayer.LoginTest" name="Login" time="10.454"/>
  <system-out/>
</testsuite> <!-- testLayer.LoginTest -->
